<?xml version="1.0" encoding="UTF-8"?>
<!-- Generated by org.testng.reporters.JUnitXMLReporter -->
<testsuite ignored="0" hostname="priyanka" failures="0" tests="4" name="Default test" time="86.519" errors="0" timestamp="29 Aug 2024 15:15:24 GMT">
  <testcase classname="com.comcast.crm.orgtest.CreateOrganizationTest" name="createOrgTest" time="11.899"/>
  <testcase classname="com.comcast.crm.orgtest.CreateOrganizationTest" name="createOrgTestWithIndustryTest" time="12.15"/>
  <testcase classname="com.comcast.crm.orgtest.CreateOrganizationTest" name="createOrgTestWithPhoneNumberTest" time="11.602"/>
  <testcase classname="com.comcast.crm.orgtest.CreateOrganizationTest" name="deleteOrgTest" time="13.901"/>
</testsuite> <!-- Default test -->
