<?xml version="1.0" encoding="UTF-8"?>
<!-- Generated by org.testng.reporters.JUnitXMLReporter -->
<testsuite ignored="0" hostname="priyanka" failures="0" tests="4" name="Test" time="117.437" errors="0" timestamp="04 Sept 2024 20:49:45 GMT">
  <testcase classname="com.comcast.crm.orgtest.CreateOrganizationTest" name="createOrgTest" time="32.156"/>
  <testcase classname="com.comcast.crm.orgtest.CreateOrganizationTest" name="createOrgTestWithIndustryTest" time="13.369"/>
  <testcase classname="com.comcast.crm.orgtest.CreateOrganizationTest" name="createOrgTestWithPhoneNumberTest" time="14.452"/>
  <testcase classname="com.comcast.crm.orgtest.CreateOrganizationTest" name="deleteOrgTest" time="17.002"/>
</testsuite> <!-- Test -->
