<?xml version="1.0" encoding="UTF-8"?>
<!-- Generated by org.testng.reporters.JUnitXMLReporter -->
<testsuite ignored="0" hostname="priyanka" failures="0" tests="4" name="Test" time="79.386" errors="0" timestamp="29 Aug 2024 15:22:02 GMT">
  <testcase classname="com.comcast.crm.orgtest.CreateOrganizationTest" name="createOrgTest" time="12.052"/>
  <testcase classname="com.comcast.crm.orgtest.CreateOrganizationTest" name="createOrgTestWithIndustryTest" time="11.892"/>
  <testcase classname="com.comcast.crm.orgtest.CreateOrganizationTest" name="createOrgTestWithPhoneNumberTest" time="11.488"/>
  <testcase classname="com.comcast.crm.orgtest.CreateOrganizationTest" name="deleteOrgTest" time="15.979"/>
</testsuite> <!-- Test -->
