<?xml version="1.0" encoding="UTF-8"?>
<!-- Generated by org.testng.reporters.JUnitXMLReporter -->
<testsuite ignored="1" hostname="priyanka" failures="1" tests="1" name="Default test(failed)" time="11.797" errors="0" timestamp="26 Aug 2024 04:40:52 GMT">
  <testcase classname="practice.test.InvoiceTest" name="createInvoiceTest" time="0.023">
    <failure type="java.lang.AssertionError" message="expected [Login] but found [Administrator - Home - vtiger CRM 5 - Commercial Open Source CRM]">
      <![CDATA[java.lang.AssertionError: expected [Login] but found [Administrator - Home - vtiger CRM 5 - Commercial Open Source CRM]
at practice.test.InvoiceTest.createInvoiceTest(InvoiceTest.java:14)
... Removed 31 stack frames]]>
    </failure>
  </testcase> <!-- createInvoiceTest -->
  <testcase classname="practice.test.InvoiceTest" name="createInvoiceTestWithContactTest" time="0.0">
    <ignored/>
  </testcase> <!-- createInvoiceTestWithContactTest -->
</testsuite> <!-- Default test(failed) -->
