<?xml version="1.0" encoding="UTF-8"?>
<testng-results ignored="0" total="4" passed="4" failed="0" skipped="0">
  <reporter-output>
  </reporter-output>
  <suite started-at="2024-09-04T20:47:47Z" name="Suite" finished-at="2024-09-04T20:49:45Z" duration-ms="117437">
    <groups>
      <group name="regressionTest">
        <method signature="CreateOrganizationTest.createOrgTestWithIndustryTest()[pri:0, instance:com.comcast.crm.orgtest.CreateOrganizationTest@66982506]" name="createOrgTestWithIndustryTest" class="com.comcast.crm.orgtest.CreateOrganizationTest"/>
        <method signature="CreateOrganizationTest.createOrgTestWithPhoneNumberTest()[pri:0, instance:com.comcast.crm.orgtest.CreateOrganizationTest@66982506]" name="createOrgTestWithPhoneNumberTest" class="com.comcast.crm.orgtest.CreateOrganizationTest"/>
      </group> <!-- regressionTest -->
      <group name="smokeTest">
        <method signature="CreateOrganizationTest.createOrgTest()[pri:0, instance:com.comcast.crm.orgtest.CreateOrganizationTest@66982506]" name="createOrgTest" class="com.comcast.crm.orgtest.CreateOrganizationTest"/>
        <method signature="CreateOrganizationTest.deleteOrgTest()[pri:0, instance:com.comcast.crm.orgtest.CreateOrganizationTest@66982506]" name="deleteOrgTest" class="com.comcast.crm.orgtest.CreateOrganizationTest"/>
      </group> <!-- smokeTest -->
    </groups>
    <test started-at="2024-09-04T20:47:47Z" name="Test" finished-at="2024-09-04T20:49:45Z" duration-ms="117437">
      <class name="com.comcast.crm.orgtest.CreateOrganizationTest">
        <test-method is-config="true" signature="configBS()[pri:0, instance:com.comcast.crm.orgtest.CreateOrganizationTest@66982506]" started-at="2024-09-04T20:47:47Z" name="configBS" finished-at="2024-09-04T20:47:47Z" duration-ms="170" status="PASS">
          <reporter-output>
          </reporter-output>
        </test-method> <!-- configBS -->
        <test-method is-config="true" signature="configBC()[pri:0, instance:com.comcast.crm.orgtest.CreateOrganizationTest@66982506]" started-at="2024-09-04T20:47:47Z" name="configBC" finished-at="2024-09-04T20:47:51Z" duration-ms="3665" status="PASS">
          <reporter-output>
          </reporter-output>
        </test-method> <!-- configBC -->
        <test-method is-config="true" signature="configBM()[pri:0, instance:com.comcast.crm.orgtest.CreateOrganizationTest@66982506]" started-at="2024-09-04T20:47:51Z" name="configBM" finished-at="2024-09-04T20:48:02Z" duration-ms="10614" status="PASS">
          <reporter-output>
          </reporter-output>
        </test-method> <!-- configBM -->
        <test-method signature="createOrgTest()[pri:0, instance:com.comcast.crm.orgtest.CreateOrganizationTest@66982506]" started-at="2024-09-04T20:48:02Z" name="createOrgTest" finished-at="2024-09-04T20:48:34Z" duration-ms="32156" status="PASS">
          <reporter-output>
          </reporter-output>
        </test-method> <!-- createOrgTest -->
        <test-method is-config="true" signature="configAM()[pri:0, instance:com.comcast.crm.orgtest.CreateOrganizationTest@66982506]" started-at="2024-09-04T20:48:34Z" name="configAM" finished-at="2024-09-04T20:48:37Z" duration-ms="3110" status="PASS">
          <reporter-output>
          </reporter-output>
        </test-method> <!-- configAM -->
        <test-method is-config="true" signature="configBM()[pri:0, instance:com.comcast.crm.orgtest.CreateOrganizationTest@66982506]" started-at="2024-09-04T20:48:37Z" name="configBM" finished-at="2024-09-04T20:48:41Z" duration-ms="3705" status="PASS">
          <reporter-output>
          </reporter-output>
        </test-method> <!-- configBM -->
        <test-method signature="createOrgTestWithIndustryTest()[pri:0, instance:com.comcast.crm.orgtest.CreateOrganizationTest@66982506]" started-at="2024-09-04T20:48:41Z" name="createOrgTestWithIndustryTest" finished-at="2024-09-04T20:48:54Z" duration-ms="13369" status="PASS">
          <reporter-output>
          </reporter-output>
        </test-method> <!-- createOrgTestWithIndustryTest -->
        <test-method is-config="true" signature="configAM()[pri:0, instance:com.comcast.crm.orgtest.CreateOrganizationTest@66982506]" started-at="2024-09-04T20:48:54Z" name="configAM" finished-at="2024-09-04T20:48:56Z" duration-ms="2109" status="PASS">
          <reporter-output>
          </reporter-output>
        </test-method> <!-- configAM -->
        <test-method is-config="true" signature="configBM()[pri:0, instance:com.comcast.crm.orgtest.CreateOrganizationTest@66982506]" started-at="2024-09-04T20:48:56Z" name="configBM" finished-at="2024-09-04T20:49:00Z" duration-ms="3723" status="PASS">
          <reporter-output>
          </reporter-output>
        </test-method> <!-- configBM -->
        <test-method signature="createOrgTestWithPhoneNumberTest()[pri:0, instance:com.comcast.crm.orgtest.CreateOrganizationTest@66982506]" started-at="2024-09-04T20:49:00Z" name="createOrgTestWithPhoneNumberTest" finished-at="2024-09-04T20:49:14Z" duration-ms="14452" status="PASS">
          <reporter-output>
          </reporter-output>
        </test-method> <!-- createOrgTestWithPhoneNumberTest -->
        <test-method is-config="true" signature="configAM()[pri:0, instance:com.comcast.crm.orgtest.CreateOrganizationTest@66982506]" started-at="2024-09-04T20:49:14Z" name="configAM" finished-at="2024-09-04T20:49:17Z" duration-ms="2574" status="PASS">
          <reporter-output>
          </reporter-output>
        </test-method> <!-- configAM -->
        <test-method is-config="true" signature="configBM()[pri:0, instance:com.comcast.crm.orgtest.CreateOrganizationTest@66982506]" started-at="2024-09-04T20:49:17Z" name="configBM" finished-at="2024-09-04T20:49:21Z" duration-ms="4137" status="PASS">
          <reporter-output>
          </reporter-output>
        </test-method> <!-- configBM -->
        <test-method signature="deleteOrgTest()[pri:0, instance:com.comcast.crm.orgtest.CreateOrganizationTest@66982506]" started-at="2024-09-04T20:49:21Z" name="deleteOrgTest" finished-at="2024-09-04T20:49:38Z" duration-ms="17002" status="PASS">
          <reporter-output>
          </reporter-output>
        </test-method> <!-- deleteOrgTest -->
        <test-method is-config="true" signature="configAM()[pri:0, instance:com.comcast.crm.orgtest.CreateOrganizationTest@66982506]" started-at="2024-09-04T20:49:38Z" name="configAM" finished-at="2024-09-04T20:49:44Z" duration-ms="6488" status="PASS">
          <reporter-output>
          </reporter-output>
        </test-method> <!-- configAM -->
        <test-method is-config="true" signature="configAC()[pri:0, instance:com.comcast.crm.orgtest.CreateOrganizationTest@66982506]" started-at="2024-09-04T20:49:44Z" name="configAC" finished-at="2024-09-04T20:49:45Z" duration-ms="313" status="PASS">
          <reporter-output>
          </reporter-output>
        </test-method> <!-- configAC -->
        <test-method is-config="true" signature="configAS()[pri:0, instance:com.comcast.crm.orgtest.CreateOrganizationTest@66982506]" started-at="2024-09-04T20:49:45Z" name="configAS" finished-at="2024-09-04T20:49:45Z" duration-ms="1" status="PASS">
          <reporter-output>
          </reporter-output>
        </test-method> <!-- configAS -->
      </class> <!-- com.comcast.crm.orgtest.CreateOrganizationTest -->
    </test> <!-- Test -->
  </suite> <!-- Suite -->
</testng-results>
