<?xml version="1.0" encoding="UTF-8"?>
<testng-results ignored="0" total="4" passed="4" failed="0" skipped="0">
  <reporter-output>
  </reporter-output>
  <suite started-at="2024-08-29T15:20:42Z" name="Suite" finished-at="2024-08-29T15:22:02Z" duration-ms="79386">
    <groups>
      <group name="regressionTest">
        <method signature="CreateOrganizationTest.createOrgTestWithIndustryTest()[pri:0, instance:com.comcast.crm.orgtest.CreateOrganizationTest@6cce16f4]" name="createOrgTestWithIndustryTest" class="com.comcast.crm.orgtest.CreateOrganizationTest"/>
        <method signature="CreateOrganizationTest.createOrgTestWithPhoneNumberTest()[pri:0, instance:com.comcast.crm.orgtest.CreateOrganizationTest@6cce16f4]" name="createOrgTestWithPhoneNumberTest" class="com.comcast.crm.orgtest.CreateOrganizationTest"/>
      </group> <!-- regressionTest -->
      <group name="smokeTest">
        <method signature="CreateOrganizationTest.createOrgTest()[pri:0, instance:com.comcast.crm.orgtest.CreateOrganizationTest@6cce16f4]" name="createOrgTest" class="com.comcast.crm.orgtest.CreateOrganizationTest"/>
        <method signature="CreateOrganizationTest.deleteOrgTest()[pri:0, instance:com.comcast.crm.orgtest.CreateOrganizationTest@6cce16f4]" name="deleteOrgTest" class="com.comcast.crm.orgtest.CreateOrganizationTest"/>
      </group> <!-- smokeTest -->
    </groups>
    <test started-at="2024-08-29T15:20:42Z" name="Test" finished-at="2024-08-29T15:22:02Z" duration-ms="79386">
      <class name="com.comcast.crm.orgtest.CreateOrganizationTest">
        <test-method is-config="true" signature="configBS()[pri:0, instance:com.comcast.crm.orgtest.CreateOrganizationTest@6cce16f4]" started-at="2024-08-29T15:20:42Z" name="configBS" finished-at="2024-08-29T15:20:42Z" duration-ms="304" status="PASS">
          <reporter-output>
          </reporter-output>
        </test-method> <!-- configBS -->
        <test-method is-config="true" signature="configBC()[pri:0, instance:com.comcast.crm.orgtest.CreateOrganizationTest@6cce16f4]" started-at="2024-08-29T15:20:42Z" name="configBC" finished-at="2024-08-29T15:20:45Z" duration-ms="3019" status="PASS">
          <reporter-output>
          </reporter-output>
        </test-method> <!-- configBC -->
        <test-method is-config="true" signature="configBM()[pri:0, instance:com.comcast.crm.orgtest.CreateOrganizationTest@6cce16f4]" started-at="2024-08-29T15:20:45Z" name="configBM" finished-at="2024-08-29T15:20:49Z" duration-ms="3413" status="PASS">
          <reporter-output>
          </reporter-output>
        </test-method> <!-- configBM -->
        <test-method signature="createOrgTest()[pri:0, instance:com.comcast.crm.orgtest.CreateOrganizationTest@6cce16f4]" started-at="2024-08-29T15:20:49Z" name="createOrgTest" finished-at="2024-08-29T15:21:01Z" duration-ms="12052" status="PASS">
          <reporter-output>
          </reporter-output>
        </test-method> <!-- createOrgTest -->
        <test-method is-config="true" signature="configAM()[pri:0, instance:com.comcast.crm.orgtest.CreateOrganizationTest@6cce16f4]" started-at="2024-08-29T15:21:01Z" name="configAM" finished-at="2024-08-29T15:21:03Z" duration-ms="1909" status="PASS">
          <reporter-output>
          </reporter-output>
        </test-method> <!-- configAM -->
        <test-method is-config="true" signature="configBM()[pri:0, instance:com.comcast.crm.orgtest.CreateOrganizationTest@6cce16f4]" started-at="2024-08-29T15:21:03Z" name="configBM" finished-at="2024-08-29T15:21:06Z" duration-ms="3372" status="PASS">
          <reporter-output>
          </reporter-output>
        </test-method> <!-- configBM -->
        <test-method signature="createOrgTestWithIndustryTest()[pri:0, instance:com.comcast.crm.orgtest.CreateOrganizationTest@6cce16f4]" started-at="2024-08-29T15:21:06Z" name="createOrgTestWithIndustryTest" finished-at="2024-08-29T15:21:18Z" duration-ms="11892" status="PASS">
          <reporter-output>
          </reporter-output>
        </test-method> <!-- createOrgTestWithIndustryTest -->
        <test-method is-config="true" signature="configAM()[pri:0, instance:com.comcast.crm.orgtest.CreateOrganizationTest@6cce16f4]" started-at="2024-08-29T15:21:18Z" name="configAM" finished-at="2024-08-29T15:21:20Z" duration-ms="1912" status="PASS">
          <reporter-output>
          </reporter-output>
        </test-method> <!-- configAM -->
        <test-method is-config="true" signature="configBM()[pri:0, instance:com.comcast.crm.orgtest.CreateOrganizationTest@6cce16f4]" started-at="2024-08-29T15:21:20Z" name="configBM" finished-at="2024-08-29T15:21:23Z" duration-ms="3036" status="PASS">
          <reporter-output>
          </reporter-output>
        </test-method> <!-- configBM -->
        <test-method signature="createOrgTestWithPhoneNumberTest()[pri:0, instance:com.comcast.crm.orgtest.CreateOrganizationTest@6cce16f4]" started-at="2024-08-29T15:21:23Z" name="createOrgTestWithPhoneNumberTest" finished-at="2024-08-29T15:21:34Z" duration-ms="11488" status="PASS">
          <reporter-output>
          </reporter-output>
        </test-method> <!-- createOrgTestWithPhoneNumberTest -->
        <test-method is-config="true" signature="configAM()[pri:0, instance:com.comcast.crm.orgtest.CreateOrganizationTest@6cce16f4]" started-at="2024-08-29T15:21:34Z" name="configAM" finished-at="2024-08-29T15:21:36Z" duration-ms="1815" status="PASS">
          <reporter-output>
          </reporter-output>
        </test-method> <!-- configAM -->
        <test-method is-config="true" signature="configBM()[pri:0, instance:com.comcast.crm.orgtest.CreateOrganizationTest@6cce16f4]" started-at="2024-08-29T15:21:36Z" name="configBM" finished-at="2024-08-29T15:21:39Z" duration-ms="3159" status="PASS">
          <reporter-output>
          </reporter-output>
        </test-method> <!-- configBM -->
        <test-method signature="deleteOrgTest()[pri:0, instance:com.comcast.crm.orgtest.CreateOrganizationTest@6cce16f4]" started-at="2024-08-29T15:21:39Z" name="deleteOrgTest" finished-at="2024-08-29T15:21:55Z" duration-ms="15979" status="PASS">
          <reporter-output>
          </reporter-output>
        </test-method> <!-- deleteOrgTest -->
        <test-method is-config="true" signature="configAM()[pri:0, instance:com.comcast.crm.orgtest.CreateOrganizationTest@6cce16f4]" started-at="2024-08-29T15:21:55Z" name="configAM" finished-at="2024-08-29T15:22:01Z" duration-ms="5870" status="PASS">
          <reporter-output>
          </reporter-output>
        </test-method> <!-- configAM -->
        <test-method is-config="true" signature="configAC()[pri:0, instance:com.comcast.crm.orgtest.CreateOrganizationTest@6cce16f4]" started-at="2024-08-29T15:22:01Z" name="configAC" finished-at="2024-08-29T15:22:02Z" duration-ms="417" status="PASS">
          <reporter-output>
          </reporter-output>
        </test-method> <!-- configAC -->
        <test-method is-config="true" signature="configAS()[pri:0, instance:com.comcast.crm.orgtest.CreateOrganizationTest@6cce16f4]" started-at="2024-08-29T15:22:02Z" name="configAS" finished-at="2024-08-29T15:22:02Z" duration-ms="0" status="PASS">
          <reporter-output>
          </reporter-output>
        </test-method> <!-- configAS -->
      </class> <!-- com.comcast.crm.orgtest.CreateOrganizationTest -->
    </test> <!-- Test -->
  </suite> <!-- Suite -->
</testng-results>
